2023-02-07 21:50:48.160  INFO 25232 --- [restartedMain] com.ssafy.SingsingtimeApplication        : Starting SingsingtimeApplication using Java 11.0.18 on DESKTOP-F4F7D3R with PID 25232 (C:\SSAFY\workspace\subpjt2\S08P12C105\singsingtime\build\classes\java\main started by Kyungsam Kim in C:\SSAFY\workspace\subpjt2\S08P12C105\singsingtime)
2023-02-07 21:50:48.171  INFO 25232 --- [restartedMain] com.ssafy.SingsingtimeApplication        : The following profiles are active: develop
2023-02-07 21:50:48.254  INFO 25232 --- [restartedMain] .e.DevToolsPropertyDefaultsPostProcessor : Devtools property defaults active! Set 'spring.devtools.add-properties' to 'false' to disable
2023-02-07 21:50:48.254  INFO 25232 --- [restartedMain] .e.DevToolsPropertyDefaultsPostProcessor : For additional web related logging consider setting the 'logging.level.web' property to 'DEBUG'
2023-02-07 21:50:50.267  INFO 25232 --- [restartedMain] .s.d.r.c.RepositoryConfigurationDelegate : Bootstrapping Spring Data JPA repositories in DEFAULT mode.
2023-02-07 21:50:50.576  INFO 25232 --- [restartedMain] .s.d.r.c.RepositoryConfigurationDelegate : Finished Spring Data repository scanning in 300 ms. Found 6 JPA repository interfaces.
2023-02-07 21:50:50.882  WARN 25232 --- [restartedMain] i.InstanceMetadataServiceResourceFetcher : Fail to retrieve token 

com.amazonaws.SdkClientException: Failed to connect to service endpoint: 
	at com.amazonaws.internal.EC2ResourceFetcher.doReadResource(EC2ResourceFetcher.java:100) ~[aws-java-sdk-core-1.11.792.jar:na]
	at com.amazonaws.internal.InstanceMetadataServiceResourceFetcher.getToken(InstanceMetadataServiceResourceFetcher.java:91) ~[aws-java-sdk-core-1.11.792.jar:na]
	at com.amazonaws.internal.InstanceMetadataServiceResourceFetcher.readResource(InstanceMetadataServiceResourceFetcher.java:69) ~[aws-java-sdk-core-1.11.792.jar:na]
	at com.amazonaws.internal.EC2ResourceFetcher.readResource(EC2ResourceFetcher.java:66) ~[aws-java-sdk-core-1.11.792.jar:na]
	at com.amazonaws.util.EC2MetadataUtils.getItems(EC2MetadataUtils.java:402) ~[aws-java-sdk-core-1.11.792.jar:na]
	at com.amazonaws.util.EC2MetadataUtils.getData(EC2MetadataUtils.java:371) ~[aws-java-sdk-core-1.11.792.jar:na]
	at org.springframework.cloud.aws.context.support.env.AwsCloudEnvironmentCheckUtils.isRunningOnCloudEnvironment(AwsCloudEnvironmentCheckUtils.java:38) ~[spring-cloud-aws-context-2.2.6.RELEASE.jar:2.2.6.RELEASE]
	at org.springframework.cloud.aws.context.annotation.OnAwsCloudEnvironmentCondition.matches(OnAwsCloudEnvironmentCondition.java:38) ~[spring-cloud-aws-context-2.2.6.RELEASE.jar:2.2.6.RELEASE]
	at org.springframework.context.annotation.ConditionEvaluator.shouldSkip(ConditionEvaluator.java:108) ~[spring-context-5.3.6.jar:5.3.6]
	at org.springframework.context.annotation.ConfigurationClassBeanDefinitionReader$TrackedConditionEvaluator.shouldSkip(ConfigurationClassBeanDefinitionReader.java:489) ~[spring-context-5.3.6.jar:5.3.6]
	at org.springframework.context.annotation.ConfigurationClassBeanDefinitionReader.loadBeanDefinitionsForConfigurationClass(ConfigurationClassBeanDefinitionReader.java:140) ~[spring-context-5.3.6.jar:5.3.6]
	at org.springframework.context.annotation.ConfigurationClassBeanDefinitionReader.loadBeanDefinitions(ConfigurationClassBeanDefinitionReader.java:129) ~[spring-context-5.3.6.jar:5.3.6]
	at org.springframework.context.annotation.ConfigurationClassPostProcessor.processConfigBeanDefinitions(ConfigurationClassPostProcessor.java:343) ~[spring-context-5.3.6.jar:5.3.6]
	at org.springframework.context.annotation.ConfigurationClassPostProcessor.postProcessBeanDefinitionRegistry(ConfigurationClassPostProcessor.java:247) ~[spring-context-5.3.6.jar:5.3.6]
	at org.springframework.context.support.PostProcessorRegistrationDelegate.invokeBeanDefinitionRegistryPostProcessors(PostProcessorRegistrationDelegate.java:311) ~[spring-context-5.3.6.jar:5.3.6]
	at org.springframework.context.support.PostProcessorRegistrationDelegate.invokeBeanFactoryPostProcessors(PostProcessorRegistrationDelegate.java:112) ~[spring-context-5.3.6.jar:5.3.6]
	at org.springframework.context.support.AbstractApplicationContext.invokeBeanFactoryPostProcessors(AbstractApplicationContext.java:746) ~[spring-context-5.3.6.jar:5.3.6]
	at org.springframework.context.support.AbstractApplicationContext.refresh(AbstractApplicationContext.java:564) ~[spring-context-5.3.6.jar:5.3.6]
	at org.springframework.boot.web.servlet.context.ServletWebServerApplicationContext.refresh(ServletWebServerApplicationContext.java:144) ~[spring-boot-2.4.5.jar:2.4.5]
	at org.springframework.boot.SpringApplication.refresh(SpringApplication.java:782) ~[spring-boot-2.4.5.jar:2.4.5]
	at org.springframework.boot.SpringApplication.refresh(SpringApplication.java:774) ~[spring-boot-2.4.5.jar:2.4.5]
	at org.springframework.boot.SpringApplication.refreshContext(SpringApplication.java:439) ~[spring-boot-2.4.5.jar:2.4.5]
	at org.springframework.boot.SpringApplication.run(SpringApplication.java:339) ~[spring-boot-2.4.5.jar:2.4.5]
	at org.springframework.boot.SpringApplication.run(SpringApplication.java:1340) ~[spring-boot-2.4.5.jar:2.4.5]
	at org.springframework.boot.SpringApplication.run(SpringApplication.java:1329) ~[spring-boot-2.4.5.jar:2.4.5]
	at com.ssafy.SingsingtimeApplication.main(SingsingtimeApplication.java:17) ~[main/:na]
	at java.base/jdk.internal.reflect.NativeMethodAccessorImpl.invoke0(Native Method) ~[na:na]
	at java.base/jdk.internal.reflect.NativeMethodAccessorImpl.invoke(NativeMethodAccessorImpl.java:62) ~[na:na]
	at java.base/jdk.internal.reflect.DelegatingMethodAccessorImpl.invoke(DelegatingMethodAccessorImpl.java:43) ~[na:na]
	at java.base/java.lang.reflect.Method.invoke(Method.java:566) ~[na:na]
	at org.springframework.boot.devtools.restart.RestartLauncher.run(RestartLauncher.java:49) ~[spring-boot-devtools-2.4.5.jar:2.4.5]
Caused by: java.net.SocketException: Network is unreachable: connect
	at java.base/java.net.PlainSocketImpl.waitForConnect(Native Method) ~[na:na]
	at java.base/java.net.PlainSocketImpl.socketConnect(PlainSocketImpl.java:107) ~[na:na]
	at java.base/java.net.AbstractPlainSocketImpl.doConnect(AbstractPlainSocketImpl.java:412) ~[na:na]
	at java.base/java.net.AbstractPlainSocketImpl.connectToAddress(AbstractPlainSocketImpl.java:255) ~[na:na]
	at java.base/java.net.AbstractPlainSocketImpl.connect(AbstractPlainSocketImpl.java:237) ~[na:na]
	at java.base/java.net.Socket.connect(Socket.java:609) ~[na:na]
	at java.base/sun.net.NetworkClient.doConnect(NetworkClient.java:177) ~[na:na]
	at java.base/sun.net.www.http.HttpClient.openServer(HttpClient.java:507) ~[na:na]
	at java.base/sun.net.www.http.HttpClient.openServer(HttpClient.java:602) ~[na:na]
	at java.base/sun.net.www.http.HttpClient.<init>(HttpClient.java:275) ~[na:na]
	at java.base/sun.net.www.http.HttpClient.New(HttpClient.java:374) ~[na:na]
	at java.base/sun.net.www.http.HttpClient.New(HttpClient.java:395) ~[na:na]
	at java.base/sun.net.www.protocol.http.HttpURLConnection.getNewHttpClient(HttpURLConnection.java:1253) ~[na:na]
	at java.base/sun.net.www.protocol.http.HttpURLConnection.plainConnect0(HttpURLConnection.java:1232) ~[na:na]
	at java.base/sun.net.www.protocol.http.HttpURLConnection.plainConnect(HttpURLConnection.java:1081) ~[na:na]
	at java.base/sun.net.www.protocol.http.HttpURLConnection.connect(HttpURLConnection.java:1015) ~[na:na]
	at com.amazonaws.internal.ConnectionUtils.connectToEndpoint(ConnectionUtils.java:52) ~[aws-java-sdk-core-1.11.792.jar:na]
	at com.amazonaws.internal.EC2ResourceFetcher.doReadResource(EC2ResourceFetcher.java:80) ~[aws-java-sdk-core-1.11.792.jar:na]
	... 30 common frames omitted

2023-02-07 21:50:50.886  WARN 25232 --- [restartedMain] com.amazonaws.util.EC2MetadataUtils      : Unable to retrieve the requested metadata (/latest/meta-data/instance-id). Failed to connect to service endpoint: 

com.amazonaws.SdkClientException: Failed to connect to service endpoint: 
	at com.amazonaws.internal.EC2ResourceFetcher.doReadResource(EC2ResourceFetcher.java:100) ~[aws-java-sdk-core-1.11.792.jar:na]
	at com.amazonaws.internal.InstanceMetadataServiceResourceFetcher.getToken(InstanceMetadataServiceResourceFetcher.java:91) ~[aws-java-sdk-core-1.11.792.jar:na]
	at com.amazonaws.internal.InstanceMetadataServiceResourceFetcher.readResource(InstanceMetadataServiceResourceFetcher.java:69) ~[aws-java-sdk-core-1.11.792.jar:na]
	at com.amazonaws.internal.EC2ResourceFetcher.readResource(EC2ResourceFetcher.java:66) ~[aws-java-sdk-core-1.11.792.jar:na]
	at com.amazonaws.util.EC2MetadataUtils.getItems(EC2MetadataUtils.java:402) ~[aws-java-sdk-core-1.11.792.jar:na]
	at com.amazonaws.util.EC2MetadataUtils.getData(EC2MetadataUtils.java:371) ~[aws-java-sdk-core-1.11.792.jar:na]
	at org.springframework.cloud.aws.context.support.env.AwsCloudEnvironmentCheckUtils.isRunningOnCloudEnvironment(AwsCloudEnvironmentCheckUtils.java:38) ~[spring-cloud-aws-context-2.2.6.RELEASE.jar:2.2.6.RELEASE]
	at org.springframework.cloud.aws.context.annotation.OnAwsCloudEnvironmentCondition.matches(OnAwsCloudEnvironmentCondition.java:38) ~[spring-cloud-aws-context-2.2.6.RELEASE.jar:2.2.6.RELEASE]
	at org.springframework.context.annotation.ConditionEvaluator.shouldSkip(ConditionEvaluator.java:108) ~[spring-context-5.3.6.jar:5.3.6]
	at org.springframework.context.annotation.ConfigurationClassBeanDefinitionReader$TrackedConditionEvaluator.shouldSkip(ConfigurationClassBeanDefinitionReader.java:489) ~[spring-context-5.3.6.jar:5.3.6]
	at org.springframework.context.annotation.ConfigurationClassBeanDefinitionReader.loadBeanDefinitionsForConfigurationClass(ConfigurationClassBeanDefinitionReader.java:140) ~[spring-context-5.3.6.jar:5.3.6]
	at org.springframework.context.annotation.ConfigurationClassBeanDefinitionReader.loadBeanDefinitions(ConfigurationClassBeanDefinitionReader.java:129) ~[spring-context-5.3.6.jar:5.3.6]
	at org.springframework.context.annotation.ConfigurationClassPostProcessor.processConfigBeanDefinitions(ConfigurationClassPostProcessor.java:343) ~[spring-context-5.3.6.jar:5.3.6]
	at org.springframework.context.annotation.ConfigurationClassPostProcessor.postProcessBeanDefinitionRegistry(ConfigurationClassPostProcessor.java:247) ~[spring-context-5.3.6.jar:5.3.6]
	at org.springframework.context.support.PostProcessorRegistrationDelegate.invokeBeanDefinitionRegistryPostProcessors(PostProcessorRegistrationDelegate.java:311) ~[spring-context-5.3.6.jar:5.3.6]
	at org.springframework.context.support.PostProcessorRegistrationDelegate.invokeBeanFactoryPostProcessors(PostProcessorRegistrationDelegate.java:112) ~[spring-context-5.3.6.jar:5.3.6]
	at org.springframework.context.support.AbstractApplicationContext.invokeBeanFactoryPostProcessors(AbstractApplicationContext.java:746) ~[spring-context-5.3.6.jar:5.3.6]
	at org.springframework.context.support.AbstractApplicationContext.refresh(AbstractApplicationContext.java:564) ~[spring-context-5.3.6.jar:5.3.6]
	at org.springframework.boot.web.servlet.context.ServletWebServerApplicationContext.refresh(ServletWebServerApplicationContext.java:144) ~[spring-boot-2.4.5.jar:2.4.5]
	at org.springframework.boot.SpringApplication.refresh(SpringApplication.java:782) ~[spring-boot-2.4.5.jar:2.4.5]
	at org.springframework.boot.SpringApplication.refresh(SpringApplication.java:774) ~[spring-boot-2.4.5.jar:2.4.5]
	at org.springframework.boot.SpringApplication.refreshContext(SpringApplication.java:439) ~[spring-boot-2.4.5.jar:2.4.5]
	at org.springframework.boot.SpringApplication.run(SpringApplication.java:339) ~[spring-boot-2.4.5.jar:2.4.5]
	at org.springframework.boot.SpringApplication.run(SpringApplication.java:1340) ~[spring-boot-2.4.5.jar:2.4.5]
	at org.springframework.boot.SpringApplication.run(SpringApplication.java:1329) ~[spring-boot-2.4.5.jar:2.4.5]
	at com.ssafy.SingsingtimeApplication.main(SingsingtimeApplication.java:17) ~[main/:na]
	at java.base/jdk.internal.reflect.NativeMethodAccessorImpl.invoke0(Native Method) ~[na:na]
	at java.base/jdk.internal.reflect.NativeMethodAccessorImpl.invoke(NativeMethodAccessorImpl.java:62) ~[na:na]
	at java.base/jdk.internal.reflect.DelegatingMethodAccessorImpl.invoke(DelegatingMethodAccessorImpl.java:43) ~[na:na]
	at java.base/java.lang.reflect.Method.invoke(Method.java:566) ~[na:na]
	at org.springframework.boot.devtools.restart.RestartLauncher.run(RestartLauncher.java:49) ~[spring-boot-devtools-2.4.5.jar:2.4.5]
Caused by: java.net.SocketException: Network is unreachable: connect
	at java.base/java.net.PlainSocketImpl.waitForConnect(Native Method) ~[na:na]
	at java.base/java.net.PlainSocketImpl.socketConnect(PlainSocketImpl.java:107) ~[na:na]
	at java.base/java.net.AbstractPlainSocketImpl.doConnect(AbstractPlainSocketImpl.java:412) ~[na:na]
	at java.base/java.net.AbstractPlainSocketImpl.connectToAddress(AbstractPlainSocketImpl.java:255) ~[na:na]
	at java.base/java.net.AbstractPlainSocketImpl.connect(AbstractPlainSocketImpl.java:237) ~[na:na]
	at java.base/java.net.Socket.connect(Socket.java:609) ~[na:na]
	at java.base/sun.net.NetworkClient.doConnect(NetworkClient.java:177) ~[na:na]
	at java.base/sun.net.www.http.HttpClient.openServer(HttpClient.java:507) ~[na:na]
	at java.base/sun.net.www.http.HttpClient.openServer(HttpClient.java:602) ~[na:na]
	at java.base/sun.net.www.http.HttpClient.<init>(HttpClient.java:275) ~[na:na]
	at java.base/sun.net.www.http.HttpClient.New(HttpClient.java:374) ~[na:na]
	at java.base/sun.net.www.http.HttpClient.New(HttpClient.java:395) ~[na:na]
	at java.base/sun.net.www.protocol.http.HttpURLConnection.getNewHttpClient(HttpURLConnection.java:1253) ~[na:na]
	at java.base/sun.net.www.protocol.http.HttpURLConnection.plainConnect0(HttpURLConnection.java:1232) ~[na:na]
	at java.base/sun.net.www.protocol.http.HttpURLConnection.plainConnect(HttpURLConnection.java:1081) ~[na:na]
	at java.base/sun.net.www.protocol.http.HttpURLConnection.connect(HttpURLConnection.java:1015) ~[na:na]
	at com.amazonaws.internal.ConnectionUtils.connectToEndpoint(ConnectionUtils.java:52) ~[aws-java-sdk-core-1.11.792.jar:na]
	at com.amazonaws.internal.EC2ResourceFetcher.doReadResource(EC2ResourceFetcher.java:80) ~[aws-java-sdk-core-1.11.792.jar:na]
	... 30 common frames omitted

2023-02-07 21:50:51.265  INFO 25232 --- [restartedMain] trationDelegate$BeanPostProcessorChecker : Bean '(inner bean)#5001e2cc' of type [com.amazonaws.auth.BasicAWSCredentials] is not eligible for getting processed by all BeanPostProcessors (for example: not eligible for auto-proxying)
2023-02-07 21:50:51.269  INFO 25232 --- [restartedMain] trationDelegate$BeanPostProcessorChecker : Bean '(inner bean)#782e61c9' of type [com.amazonaws.auth.AWSStaticCredentialsProvider] is not eligible for getting processed by all BeanPostProcessors (for example: not eligible for auto-proxying)
2023-02-07 21:50:51.287  INFO 25232 --- [restartedMain] trationDelegate$BeanPostProcessorChecker : Bean '(inner bean)#6ca4e064' of type [com.amazonaws.auth.profile.ProfileCredentialsProvider] is not eligible for getting processed by all BeanPostProcessors (for example: not eligible for auto-proxying)
2023-02-07 21:50:51.292  INFO 25232 --- [restartedMain] trationDelegate$BeanPostProcessorChecker : Bean 'credentialsProvider' of type [org.springframework.cloud.aws.core.credentials.CredentialsProviderFactoryBean] is not eligible for getting processed by all BeanPostProcessors (for example: not eligible for auto-proxying)
2023-02-07 21:50:51.292  INFO 25232 --- [restartedMain] trationDelegate$BeanPostProcessorChecker : Bean 'credentialsProvider' of type [com.amazonaws.auth.AWSCredentialsProviderChain] is not eligible for getting processed by all BeanPostProcessors (for example: not eligible for auto-proxying)
2023-02-07 21:50:51.420  INFO 25232 --- [restartedMain] trationDelegate$BeanPostProcessorChecker : Bean 'org.springframework.security.access.expression.method.DefaultMethodSecurityExpressionHandler@6c04c54e' of type [org.springframework.security.access.expression.method.DefaultMethodSecurityExpressionHandler] is not eligible for getting processed by all BeanPostProcessors (for example: not eligible for auto-proxying)
2023-02-07 21:50:51.426  INFO 25232 --- [restartedMain] trationDelegate$BeanPostProcessorChecker : Bean 'methodSecurityMetadataSource' of type [org.springframework.security.access.method.DelegatingMethodSecurityMetadataSource] is not eligible for getting processed by all BeanPostProcessors (for example: not eligible for auto-proxying)
2023-02-07 21:50:51.864  INFO 25232 --- [restartedMain] o.s.b.w.embedded.tomcat.TomcatWebServer  : Tomcat initialized with port(s): 8080 (http)
2023-02-07 21:50:51.887  INFO 25232 --- [restartedMain] o.apache.catalina.core.StandardService   : Starting service [Tomcat]
2023-02-07 21:50:51.888  INFO 25232 --- [restartedMain] org.apache.catalina.core.StandardEngine  : Starting Servlet engine: [Apache Tomcat/9.0.45]
2023-02-07 21:50:52.123  INFO 25232 --- [restartedMain] o.a.c.c.C.[.[localhost].[/api/v1]        : Initializing Spring embedded WebApplicationContext
2023-02-07 21:50:52.123  INFO 25232 --- [restartedMain] w.s.c.ServletWebServerApplicationContext : Root WebApplicationContext: initialization completed in 3866 ms
2023-02-07 21:50:52.365 DEBUG 25232 --- [restartedMain] o.s.web.filter.CharacterEncodingFilter   : Filter 'characterEncodingFilter' configured for use
2023-02-07 21:50:52.365 DEBUG 25232 --- [restartedMain] o.s.w.f.CommonsRequestLoggingFilter      : Filter 'commonsRequestLoggingFilter' configured for use
2023-02-07 21:50:52.557  INFO 25232 --- [restartedMain] o.hibernate.jpa.internal.util.LogHelper  : HHH000204: Processing PersistenceUnitInfo [name: default]
2023-02-07 21:50:52.636  INFO 25232 --- [restartedMain] org.hibernate.Version                    : HHH000412: Hibernate ORM core version 5.4.30.Final
2023-02-07 21:50:52.818  INFO 25232 --- [restartedMain] o.hibernate.annotations.common.Version   : HCANN000001: Hibernate Commons Annotations {5.1.2.Final}
2023-02-07 21:50:52.978  INFO 25232 --- [restartedMain] com.zaxxer.hikari.HikariDataSource       : HikariPool-1 - Starting...
2023-02-07 21:50:54.124  INFO 25232 --- [restartedMain] com.zaxxer.hikari.HikariDataSource       : HikariPool-1 - Start completed.
2023-02-07 21:50:54.143  INFO 25232 --- [restartedMain] org.hibernate.dialect.Dialect            : HHH000400: Using dialect: org.hibernate.dialect.MySQL57Dialect
2023-02-07 21:50:57.492  INFO 25232 --- [restartedMain] o.h.e.t.j.p.i.JtaPlatformInitiator       : HHH000490: Using JtaPlatform implementation: [org.hibernate.engine.transaction.jta.platform.internal.NoJtaPlatform]
2023-02-07 21:50:57.503  INFO 25232 --- [restartedMain] j.LocalContainerEntityManagerFactoryBean : Initialized JPA EntityManagerFactory for persistence unit 'default'
2023-02-07 21:50:57.558  INFO 25232 --- [restartedMain] o.s.b.d.a.OptionalLiveReloadServer       : LiveReload server is running on port 35729
2023-02-07 21:50:57.972  WARN 25232 --- [restartedMain] JpaBaseConfiguration$JpaWebConfiguration : spring.jpa.open-in-view is enabled by default. Therefore, database queries may be performed during view rendering. Explicitly configure spring.jpa.open-in-view to disable this warning
2023-02-07 21:50:59.046 DEBUG 25232 --- [restartedMain] s.w.s.m.m.a.RequestMappingHandlerMapping : 32 mappings in 'requestMappingHandlerMapping'
2023-02-07 21:50:59.180  INFO 25232 --- [restartedMain] o.s.b.a.e.web.EndpointLinksResolver      : Exposing 2 endpoint(s) beneath base path '/actuator'
2023-02-07 21:50:59.493  INFO 25232 --- [restartedMain] o.s.s.web.DefaultSecurityFilterChain     : Will secure any request with [org.springframework.security.web.context.request.async.WebAsyncManagerIntegrationFilter@477e38a8, org.springframework.security.web.context.SecurityContextPersistenceFilter@59bd66f3, org.springframework.security.web.header.HeaderWriterFilter@1a78bd71, org.springframework.web.filter.CorsFilter@315549a1, org.springframework.security.web.authentication.logout.LogoutFilter@5b34648f, com.ssafy.common.auth.JwtAuthenticationFilter@efef1f6, org.springframework.security.web.savedrequest.RequestCacheAwareFilter@1eabb3ec, org.springframework.security.web.servletapi.SecurityContextHolderAwareRequestFilter@772ad309, org.springframework.security.web.authentication.AnonymousAuthenticationFilter@6b63909f, org.springframework.security.web.session.SessionManagementFilter@6b5f56f3, org.springframework.security.web.access.ExceptionTranslationFilter@64f0c1a, org.springframework.security.web.access.intercept.FilterSecurityInterceptor@6ce1f3a7]
2023-02-07 21:50:59.623  INFO 25232 --- [restartedMain] o.s.s.concurrent.ThreadPoolTaskExecutor  : Initializing ExecutorService 'applicationTaskExecutor'
2023-02-07 21:50:59.645 DEBUG 25232 --- [restartedMain] s.w.s.m.m.a.RequestMappingHandlerAdapter : ControllerAdvice beans: 0 @ModelAttribute, 0 @InitBinder, 1 RequestBodyAdvice, 1 ResponseBodyAdvice
2023-02-07 21:50:59.725 DEBUG 25232 --- [restartedMain] o.s.w.s.handler.SimpleUrlHandlerMapping  : Patterns [/swagger-ui/] in 'viewControllerHandlerMapping'
2023-02-07 21:50:59.747 DEBUG 25232 --- [restartedMain] o.s.w.s.c.annotation.WebMvcConfigurer    : Default resource handling disabled
2023-02-07 21:51:00.166 DEBUG 25232 --- [restartedMain] o.s.w.s.handler.SimpleUrlHandlerMapping  : Patterns [/resources/**, /swagger-ui.html, /webjars/**, /css/**, /fonts/**, /icons/**, /img/**, /js/**, /swagger-ui/**] in 'resourceHandlerMapping'
2023-02-07 21:51:00.178 DEBUG 25232 --- [restartedMain] .m.m.a.ExceptionHandlerExceptionResolver : ControllerAdvice beans: 1 @ExceptionHandler, 1 ResponseBodyAdvice
2023-02-07 21:51:00.985  INFO 25232 --- [restartedMain] o.s.b.w.embedded.tomcat.TomcatWebServer  : Tomcat started on port(s): 8080 (http) with context path '/api/v1'
2023-02-07 21:51:01.373  INFO 25232 --- [restartedMain] com.ssafy.SingsingtimeApplication        : Started SingsingtimeApplication in 13.826 seconds (JVM running for 17.453)
2023-02-07 21:51:02.452  INFO 25232 --- [RMI TCP Connection(3)-172.23.96.1] o.a.c.c.C.[.[localhost].[/api/v1]        : Initializing Spring DispatcherServlet 'dispatcherServlet'
2023-02-07 21:51:02.453  INFO 25232 --- [RMI TCP Connection(3)-172.23.96.1] o.s.web.servlet.DispatcherServlet        : Initializing Servlet 'dispatcherServlet'
2023-02-07 21:51:02.453 DEBUG 25232 --- [RMI TCP Connection(3)-172.23.96.1] o.s.web.servlet.DispatcherServlet        : Detected StandardServletMultipartResolver
2023-02-07 21:51:02.453 DEBUG 25232 --- [RMI TCP Connection(3)-172.23.96.1] o.s.web.servlet.DispatcherServlet        : Detected AcceptHeaderLocaleResolver
2023-02-07 21:51:02.455 DEBUG 25232 --- [RMI TCP Connection(3)-172.23.96.1] o.s.web.servlet.DispatcherServlet        : Detected FixedThemeResolver
2023-02-07 21:51:02.456 DEBUG 25232 --- [RMI TCP Connection(3)-172.23.96.1] o.s.web.servlet.DispatcherServlet        : Detected org.springframework.web.servlet.view.DefaultRequestToViewNameTranslator@2f0b1eec
2023-02-07 21:51:02.457 DEBUG 25232 --- [RMI TCP Connection(3)-172.23.96.1] o.s.web.servlet.DispatcherServlet        : Detected org.springframework.web.servlet.support.SessionFlashMapManager@5eb90cb
2023-02-07 21:51:02.457 DEBUG 25232 --- [RMI TCP Connection(3)-172.23.96.1] o.s.web.servlet.DispatcherServlet        : enableLoggingRequestDetails='false': request parameters and headers will be masked to prevent unsafe logging of potentially sensitive data
2023-02-07 21:51:02.457  INFO 25232 --- [RMI TCP Connection(3)-172.23.96.1] o.s.web.servlet.DispatcherServlet        : Completed initialization in 4 ms
2023-02-07 21:52:16.774 DEBUG 25232 --- [http-nio-127.0.0.1-8080-exec-2] o.s.web.servlet.DispatcherServlet        : POST "/api/v1/auth/login", parameters={}
2023-02-07 21:52:16.778 DEBUG 25232 --- [http-nio-127.0.0.1-8080-exec-2] s.w.s.m.m.a.RequestMappingHandlerMapping : Mapped to com.ssafy.api.controller.AuthController#login(UserLoginPostReq)
2023-02-07 21:52:16.851 DEBUG 25232 --- [http-nio-127.0.0.1-8080-exec-2] m.m.a.RequestResponseBodyMethodProcessor : Read "application/json;charset=UTF-8" to [com.ssafy.api.request.UserLoginPostReq@75332e21]
2023-02-07 21:52:17.489 DEBUG 25232 --- [http-nio-127.0.0.1-8080-exec-2] o.s.w.s.m.m.a.HttpEntityMethodProcessor  : Using 'application/json', given [application/json, text/plain, */*] and supported [application/json, application/*+json, application/json, application/*+json, application/cbor]
2023-02-07 21:52:17.489 DEBUG 25232 --- [http-nio-127.0.0.1-8080-exec-2] o.s.w.s.m.m.a.HttpEntityMethodProcessor  : Writing [com.ssafy.api.response.UserLoginPostRes@c8bb5f2]
2023-02-07 21:52:17.515 DEBUG 25232 --- [http-nio-127.0.0.1-8080-exec-2] o.s.web.servlet.DispatcherServlet        : Completed 404 NOT_FOUND
2023-02-07 21:52:45.591 DEBUG 25232 --- [http-nio-127.0.0.1-8080-exec-4] o.s.web.servlet.DispatcherServlet        : POST "/api/v1/users/", parameters={}
2023-02-07 21:52:45.593 DEBUG 25232 --- [http-nio-127.0.0.1-8080-exec-4] s.w.s.m.m.a.RequestMappingHandlerMapping : Mapped to com.ssafy.api.controller.UserController#register(UserRegisterPostReq)
2023-02-07 21:52:45.606 DEBUG 25232 --- [http-nio-127.0.0.1-8080-exec-4] m.m.a.RequestResponseBodyMethodProcessor : Read "application/json;charset=UTF-8" to [com.ssafy.api.request.UserRegisterPostReq@1088721]
2023-02-07 21:52:46.430 DEBUG 25232 --- [http-nio-127.0.0.1-8080-exec-4] o.s.w.s.m.m.a.HttpEntityMethodProcessor  : Using 'application/json', given [application/json, text/plain, */*] and supported [application/json, application/*+json, application/json, application/*+json, application/cbor]
2023-02-07 21:52:46.431 DEBUG 25232 --- [http-nio-127.0.0.1-8080-exec-4] o.s.w.s.m.m.a.HttpEntityMethodProcessor  : Writing [com.ssafy.common.model.response.BaseResponseBody@593e04be]
2023-02-07 21:52:46.434 DEBUG 25232 --- [http-nio-127.0.0.1-8080-exec-4] o.s.web.servlet.DispatcherServlet        : Completed 200 OK
2023-02-07 21:52:49.725 DEBUG 25232 --- [http-nio-127.0.0.1-8080-exec-5] o.s.web.servlet.DispatcherServlet        : POST "/api/v1/auth/login", parameters={}
2023-02-07 21:52:49.726 DEBUG 25232 --- [http-nio-127.0.0.1-8080-exec-5] s.w.s.m.m.a.RequestMappingHandlerMapping : Mapped to com.ssafy.api.controller.AuthController#login(UserLoginPostReq)
2023-02-07 21:52:49.728 DEBUG 25232 --- [http-nio-127.0.0.1-8080-exec-5] m.m.a.RequestResponseBodyMethodProcessor : Read "application/json;charset=UTF-8" to [com.ssafy.api.request.UserLoginPostReq@53ce4cee]
2023-02-07 21:52:49.992 DEBUG 25232 --- [http-nio-127.0.0.1-8080-exec-5] o.s.w.s.m.m.a.HttpEntityMethodProcessor  : Using 'application/json', given [application/json, text/plain, */*] and supported [application/json, application/*+json, application/json, application/*+json, application/cbor]
2023-02-07 21:52:49.992 DEBUG 25232 --- [http-nio-127.0.0.1-8080-exec-5] o.s.w.s.m.m.a.HttpEntityMethodProcessor  : Writing [com.ssafy.api.response.UserLoginPostRes@670e3ff2]
2023-02-07 21:52:49.995 DEBUG 25232 --- [http-nio-127.0.0.1-8080-exec-5] o.s.web.servlet.DispatcherServlet        : Completed 200 OK
2023-02-07 21:52:51.012 DEBUG 25232 --- [http-nio-127.0.0.1-8080-exec-7] o.s.web.servlet.DispatcherServlet        : GET "/api/v1/users/me", parameters={}
2023-02-07 21:52:51.014 DEBUG 25232 --- [http-nio-127.0.0.1-8080-exec-7] s.w.s.m.m.a.RequestMappingHandlerMapping : Mapped to com.ssafy.api.controller.UserController#getUserInfo(Authentication)
2023-02-07 21:52:51.066 DEBUG 25232 --- [http-nio-127.0.0.1-8080-exec-7] o.s.w.s.m.m.a.HttpEntityMethodProcessor  : Using 'application/json', given [application/json, text/plain, */*] and supported [application/json, application/*+json, application/json, application/*+json, application/cbor]
2023-02-07 21:52:51.070 DEBUG 25232 --- [http-nio-127.0.0.1-8080-exec-7] o.s.w.s.m.m.a.HttpEntityMethodProcessor  : Writing [com.ssafy.api.response.UserRes@36ecec24]
2023-02-07 21:52:51.075 DEBUG 25232 --- [http-nio-127.0.0.1-8080-exec-7] o.s.web.servlet.DispatcherServlet        : Completed 200 OK
2023-02-07 22:31:35.301  INFO 25232 --- [SpringContextShutdownHook] o.s.s.concurrent.ThreadPoolTaskExecutor  : Shutting down ExecutorService 'applicationTaskExecutor'
2023-02-07 22:31:35.309  INFO 25232 --- [SpringContextShutdownHook] j.LocalContainerEntityManagerFactoryBean : Closing JPA EntityManagerFactory for persistence unit 'default'
2023-02-07 22:31:35.323  INFO 25232 --- [SpringContextShutdownHook] com.zaxxer.hikari.HikariDataSource       : HikariPool-1 - Shutdown initiated...
2023-02-07 22:31:35.341  INFO 25232 --- [SpringContextShutdownHook] com.zaxxer.hikari.HikariDataSource       : HikariPool-1 - Shutdown completed.
